Wed Dec 18 12:31:32.103 [initandlisten] MongoDB starting : pid=46708 port=55555 dbpath=/data/db/ 64-bit host=MCroney-iMac-27.local
Wed Dec 18 12:31:32.103 [initandlisten] 
Wed Dec 18 12:31:32.103 [initandlisten] ** WARNING: soft rlimits too low. Number of files is 256, should be at least 1000
Wed Dec 18 12:31:32.103 [initandlisten] db version v2.4.7
Wed Dec 18 12:31:32.103 [initandlisten] git version: 0161738abf06c1f067b56a465b706efd6f4bf2aa
Wed Dec 18 12:31:32.103 [initandlisten] build info: Darwin bs-osx-106-x86-64-2.10gen.cc 10.8.0 Darwin Kernel Version 10.8.0: Tue Jun  7 16:32:41 PDT 2011; root:xnu-1504.15.3~1/RELEASE_X86_64 x86_64 BOOST_LIB_VERSION=1_49
Wed Dec 18 12:31:32.103 [initandlisten] allocator: system
Wed Dec 18 12:31:32.103 [initandlisten] options: { port: 55555 }
Wed Dec 18 12:31:32.104 [initandlisten] journal dir=/data/db/journal
Wed Dec 18 12:31:32.104 [initandlisten] recover : no journal files present, no recovery needed
Wed Dec 18 12:31:32.155 [websvr] admin web console waiting for connections on port 56555
Wed Dec 18 12:31:32.155 [initandlisten] waiting for connections on port 55555
Wed Dec 18 12:32:23.280 [signalProcessingThread] got signal 15 (Terminated: 15), will terminate after current cmd ends
Wed Dec 18 12:32:23.280 [signalProcessingThread] now exiting
Wed Dec 18 12:32:23.280 dbexit: 
Wed Dec 18 12:32:23.281 [signalProcessingThread] shutdown: going to close listening sockets...
Wed Dec 18 12:32:23.281 [signalProcessingThread] closing listening socket: 9
Wed Dec 18 12:32:23.281 [signalProcessingThread] closing listening socket: 10
Wed Dec 18 12:32:23.281 [signalProcessingThread] closing listening socket: 11
Wed Dec 18 12:32:23.281 [signalProcessingThread] removing socket file: /tmp/mongodb-55555.sock
Wed Dec 18 12:32:23.281 [signalProcessingThread] shutdown: going to flush diaglog...
Wed Dec 18 12:32:23.281 [signalProcessingThread] shutdown: going to close sockets...
Wed Dec 18 12:32:23.281 [signalProcessingThread] shutdown: waiting for fs preallocator...
Wed Dec 18 12:32:23.281 [signalProcessingThread] shutdown: lock for final commit...
Wed Dec 18 12:32:23.281 [signalProcessingThread] shutdown: final commit...
Wed Dec 18 12:32:23.283 [signalProcessingThread] shutdown: closing all files...
Wed Dec 18 12:32:23.283 [signalProcessingThread] closeAllFiles() finished
Wed Dec 18 12:32:23.283 [signalProcessingThread] journalCleanup...
Wed Dec 18 12:32:23.283 [signalProcessingThread] removeJournalFiles
Wed Dec 18 12:32:23.283 [signalProcessingThread] shutdown: removing fs lock...
Wed Dec 18 12:32:23.283 dbexit: really exiting now
Wed Dec 18 13:02:01.110 [initandlisten] MongoDB starting : pid=826 port=55555 dbpath=/data/db/ 64-bit host=MCroney-iMac-27.local
Wed Dec 18 13:02:01.381 [initandlisten] 
Wed Dec 18 13:02:01.381 [initandlisten] ** WARNING: soft rlimits too low. Number of files is 256, should be at least 1000
Wed Dec 18 13:02:01.381 [initandlisten] db version v2.4.7
Wed Dec 18 13:02:01.381 [initandlisten] git version: 0161738abf06c1f067b56a465b706efd6f4bf2aa
Wed Dec 18 13:02:01.381 [initandlisten] build info: Darwin bs-osx-106-x86-64-2.10gen.cc 10.8.0 Darwin Kernel Version 10.8.0: Tue Jun  7 16:32:41 PDT 2011; root:xnu-1504.15.3~1/RELEASE_X86_64 x86_64 BOOST_LIB_VERSION=1_49
Wed Dec 18 13:02:01.381 [initandlisten] allocator: system
Wed Dec 18 13:02:01.381 [initandlisten] options: { port: 55555 }
Wed Dec 18 13:02:01.589 [initandlisten] journal dir=/data/db/journal
Wed Dec 18 13:02:01.918 [initandlisten] recover : no journal files present, no recovery needed
Wed Dec 18 13:02:13.417 [initandlisten] preallocateIsFaster=true 63.7
Wed Dec 18 13:02:21.058 [initandlisten] preallocateIsFaster=true 78.94
Wed Dec 18 13:02:25.184 [initandlisten] preallocateIsFaster=true 18.62
Wed Dec 18 13:02:25.184 [initandlisten] preallocateIsFaster check took 23.265 secs
Wed Dec 18 13:02:25.184 [initandlisten] preallocating a journal file /data/db/journal/prealloc.0
Wed Dec 18 13:02:28.283 [initandlisten] 		File Preallocator Progress: 178257920/268435456	66%
Wed Dec 18 13:02:30.432 [initandlisten] preallocating a journal file /data/db/journal/prealloc.1
Wed Dec 18 13:02:33.899 [initandlisten] 		File Preallocator Progress: 115343360/268435456	42%
Wed Dec 18 13:02:36.003 [initandlisten] 		File Preallocator Progress: 167772160/268435456	62%
Wed Dec 18 13:02:39.209 [initandlisten] preallocating a journal file /data/db/journal/prealloc.2
Wed Dec 18 13:02:42.037 [initandlisten] 		File Preallocator Progress: 104857600/268435456	39%
Wed Dec 18 13:02:47.669 [websvr] admin web console waiting for connections on port 56555
Wed Dec 18 13:02:47.669 [initandlisten] waiting for connections on port 55555
Wed Dec 18 13:11:58.979 [initandlisten] connection accepted from 127.0.0.1:49529 #1 (1 connection now open)
Wed Dec 18 13:11:58.990 [initandlisten] connection accepted from 127.0.0.1:49530 #2 (2 connections now open)
Wed Dec 18 13:11:58.991 [initandlisten] connection accepted from 127.0.0.1:49531 #3 (3 connections now open)
Wed Dec 18 13:11:58.991 [initandlisten] connection accepted from 127.0.0.1:49532 #4 (4 connections now open)
Wed Dec 18 13:11:58.991 [initandlisten] connection accepted from 127.0.0.1:49533 #5 (5 connections now open)
Wed Dec 18 13:11:58.992 [initandlisten] connection accepted from 127.0.0.1:49534 #6 (6 connections now open)
Wed Dec 18 13:11:59.013 [conn4] end connection 127.0.0.1:49532 (5 connections now open)
Wed Dec 18 13:11:59.013 [conn5] end connection 127.0.0.1:49533 (5 connections now open)
Wed Dec 18 13:11:59.013 [conn3] end connection 127.0.0.1:49531 (5 connections now open)
Wed Dec 18 13:11:59.013 [conn6] end connection 127.0.0.1:49534 (5 connections now open)
Wed Dec 18 13:11:59.013 [conn2] end connection 127.0.0.1:49530 (5 connections now open)
Wed Dec 18 13:11:59.013 [conn1] end connection 127.0.0.1:49529 (5 connections now open)
Wed Dec 18 13:12:12.904 [signalProcessingThread] got signal 15 (Terminated: 15), will terminate after current cmd ends
Wed Dec 18 13:12:12.904 [signalProcessingThread] now exiting
Wed Dec 18 13:12:12.904 dbexit: 
Wed Dec 18 13:12:12.904 [signalProcessingThread] shutdown: going to close listening sockets...
Wed Dec 18 13:12:12.904 [signalProcessingThread] closing listening socket: 9
Wed Dec 18 13:12:12.904 [signalProcessingThread] closing listening socket: 10
Wed Dec 18 13:12:12.904 [signalProcessingThread] closing listening socket: 11
Wed Dec 18 13:12:12.904 [signalProcessingThread] removing socket file: /tmp/mongodb-55555.sock
Wed Dec 18 13:12:12.904 [signalProcessingThread] shutdown: going to flush diaglog...
Wed Dec 18 13:12:12.904 [signalProcessingThread] shutdown: going to close sockets...
Wed Dec 18 13:12:12.904 [signalProcessingThread] shutdown: waiting for fs preallocator...
Wed Dec 18 13:12:12.904 [signalProcessingThread] shutdown: lock for final commit...
Wed Dec 18 13:12:12.904 [signalProcessingThread] shutdown: final commit...
Wed Dec 18 13:12:12.905 [signalProcessingThread] shutdown: closing all files...
Wed Dec 18 13:12:12.905 [signalProcessingThread] closeAllFiles() finished
Wed Dec 18 13:12:12.905 [signalProcessingThread] journalCleanup...
Wed Dec 18 13:12:12.905 [signalProcessingThread] removeJournalFiles
Wed Dec 18 13:12:12.906 [signalProcessingThread] shutdown: removing fs lock...
Wed Dec 18 13:12:12.906 dbexit: really exiting now
