Submitting test request for http://www.vulture.com/2013/12/saltz-how-not-wait-in-line-for-yayoi-kusama.html
Submitting test request for http://nymag.com/thecut/2013/12/real-reason-20-something-women-are-worried.html
Submitting test request for http://nymag.com/daily/intelligencer/2013/12/jp-morgan-eases-up-on-young-bankers.html
Submitting test request for http://nymag.com
Submitting test request for http://www.grubstreet.com/2013/12/whole-foods-bryant-park.html
Submitting test request for http://www.vulture.com/
Submitting test request for http://nymag.com/srch?t=restaurant&N=265+336&No=0&Ns=nyml_sort_name%7C0
Submitting test request for http://www.grubstreet.com/
Submitting test request for http://nymag.com/thecut/2012/08/kate-middleton-look-book/slideshow/2012/07/30/kate_middleton_lookbook/
Submitting test request for http://nymag.com/thecut/
Results still in progress for http://www.vulture.com/2013/12/saltz-how-not-wait-in-line-for-yayoi-kusama.html. Trying again in 5 minutes.
Results still in progress for http://nymag.com/thecut/2013/12/real-reason-20-something-women-are-worried.html. Trying again in 5 minutes.
Results still in progress for http://nymag.com/daily/intelligencer/2013/12/jp-morgan-eases-up-on-young-bankers.html. Trying again in 5 minutes.
Results still in progress for http://nymag.com. Trying again in 5 minutes.
Results still in progress for http://www.vulture.com/. Trying again in 5 minutes.
Results still in progress for http://www.grubstreet.com/2013/12/whole-foods-bryant-park.html. Trying again in 5 minutes.
Results still in progress for http://www.grubstreet.com/. Trying again in 5 minutes.
Results still in progress for http://nymag.com/thecut/2012/08/kate-middleton-look-book/slideshow/2012/07/30/kate_middleton_lookbook/. Trying again in 5 minutes.
Results still in progress for http://nymag.com/srch?t=restaurant&N=265+336&No=0&Ns=nyml_sort_name%7C0. Trying again in 5 minutes.
Results still in progress for http://nymag.com/thecut/. Trying again in 5 minutes.
Results still in progress for http://www.vulture.com/2013/12/saltz-how-not-wait-in-line-for-yayoi-kusama.html. Trying again in 5 minutes.
Results still in progress for http://nymag.com. Trying again in 5 minutes.
Results still in progress for http://nymag.com/daily/intelligencer/2013/12/jp-morgan-eases-up-on-young-bankers.html. Trying again in 5 minutes.
Results still in progress for http://www.vulture.com/. Trying again in 5 minutes.
Results still in progress for http://nymag.com/thecut/2013/12/real-reason-20-something-women-are-worried.html. Trying again in 5 minutes.
Results still in progress for http://www.grubstreet.com/2013/12/whole-foods-bryant-park.html. Trying again in 5 minutes.
Results still in progress for http://www.grubstreet.com/. Trying again in 5 minutes.
Results still in progress for http://nymag.com/srch?t=restaurant&N=265+336&No=0&Ns=nyml_sort_name%7C0. Trying again in 5 minutes.
Results still in progress for http://nymag.com/thecut/2012/08/kate-middleton-look-book/slideshow/2012/07/30/kate_middleton_lookbook/. Trying again in 5 minutes.
Results still in progress for http://nymag.com/thecut/. Trying again in 5 minutes.
Results still in progress for http://nymag.com/thecut/2013/12/real-reason-20-something-women-are-worried.html. Trying again in 5 minutes.
Results still in progress for http://www.vulture.com/. Trying again in 5 minutes.
Results still in progress for http://nymag.com. Trying again in 5 minutes.
Results still in progress for http://nymag.com/daily/intelligencer/2013/12/jp-morgan-eases-up-on-young-bankers.html. Trying again in 5 minutes.
Results still in progress for http://www.vulture.com/2013/12/saltz-how-not-wait-in-line-for-yayoi-kusama.html. Trying again in 5 minutes.
Results still in progress for http://www.grubstreet.com/2013/12/whole-foods-bryant-park.html. Trying again in 5 minutes.
Results still in progress for http://nymag.com/srch?t=restaurant&N=265+336&No=0&Ns=nyml_sort_name%7C0. Trying again in 5 minutes.
Results still in progress for http://www.grubstreet.com/. Trying again in 5 minutes.
Results still in progress for http://nymag.com/thecut/2012/08/kate-middleton-look-book/slideshow/2012/07/30/kate_middleton_lookbook/. Trying again in 5 minutes.
Results still in progress for http://nymag.com/thecut/. Trying again in 5 minutes.
Results receieved for http://nymag.com
Results receieved for http://nymag.com/daily/intelligencer/2013/12/jp-morgan-eases-up-on-young-bankers.html
'http://nymag.com successfully saved to database.'
Results receieved for http://nymag.com/thecut/2013/12/real-reason-20-something-women-are-worried.html
'http://nymag.com/daily/intelligencer/2013/12/jp-morgan-eases-up-on-young-bankers.html successfully saved to database.'
Results receieved for http://www.vulture.com/
Results receieved for http://www.grubstreet.com/2013/12/whole-foods-bryant-park.html
'http://nymag.com/thecut/2013/12/real-reason-20-something-women-are-worried.html successfully saved to database.'
Results receieved for http://www.vulture.com/2013/12/saltz-how-not-wait-in-line-for-yayoi-kusama.html
Results receieved for http://nymag.com/srch?t=restaurant&N=265+336&No=0&Ns=nyml_sort_name%7C0
Results receieved for http://www.grubstreet.com/
Results receieved for http://nymag.com/thecut/2012/08/kate-middleton-look-book/slideshow/2012/07/30/kate_middleton_lookbook/
'http://www.vulture.com/ successfully saved to database.'
'http://www.grubstreet.com/2013/12/whole-foods-bryant-park.html successfully saved to database.'
Results receieved for http://nymag.com/thecut/
'http://nymag.com/thecut/2012/08/kate-middleton-look-book/slideshow/2012/07/30/kate_middleton_lookbook/ successfully saved to database.'
'http://www.vulture.com/2013/12/saltz-how-not-wait-in-line-for-yayoi-kusama.html successfully saved to database.'
'http://nymag.com/srch?t=restaurant&N=265+336&No=0&Ns=nyml_sort_name%7C0 successfully saved to database.'
'http://www.grubstreet.com/ successfully saved to database.'
'http://nymag.com/thecut/ successfully saved to database.'
Query MongoDB.
Creating useful graphs from mongodb data.
Results saved to /Users/mcroney/_dev/webpagetest/public/results.html!
